<?xml version="1.0" encoding="UTF-8"?>
<testng-results skipped="0" failed="0" ignored="0" total="1" passed="1">
  <reporter-output>
  </reporter-output>
  <suite name="Default suite" duration-ms="167820" started-at="2017-12-15T05:53:12Z" finished-at="2017-12-15T05:56:00Z">
    <groups>
      <group name="sanity">
        <method signature="Wl_ValidLogin.testValidLogin()[pri:1, instance:script.Wl_ValidLogin@17d677df]" name="testValidLogin" class="script.Wl_ValidLogin"/>
      </group> <!-- sanity -->
    </groups>
    <test name="Default test" duration-ms="167820" started-at="2017-12-15T05:53:12Z" finished-at="2017-12-15T05:56:00Z">
      <class name="script.Wl_ValidLogin">
        <test-method status="PASS" signature="openApplication(java.lang.String)[pri:0, instance:script.Wl_ValidLogin@17d677df]" name="openApplication" is-config="true" duration-ms="152818" started-at="2017-12-15T11:23:12Z" finished-at="2017-12-15T11:25:45Z">
          <params>
            <param index="0">
              <value>
                <![CDATA[chrome]]>
              </value>
            </param>
          </params>
          <reporter-output>
          </reporter-output>
        </test-method> <!-- openApplication -->
        <test-method status="PASS" signature="testValidLogin()[pri:1, instance:script.Wl_ValidLogin@17d677df]" name="testValidLogin" duration-ms="14267" started-at="2017-12-15T11:25:45Z" finished-at="2017-12-15T11:26:00Z">
          <reporter-output>
          </reporter-output>
        </test-method> <!-- testValidLogin -->
        <test-method status="PASS" signature="closeApplication(org.testng.ITestResult)[pri:0, instance:script.Wl_ValidLogin@17d677df]" name="closeApplication" is-config="true" duration-ms="715" started-at="2017-12-15T11:26:00Z" finished-at="2017-12-15T11:26:00Z">
          <params>
            <param index="0">
              <value>
                <![CDATA[[TestResult name=testValidLogin status=SUCCESS method=Wl_ValidLogin.testValidLogin()[pri:1, instance:script.Wl_ValidLogin@17d677df] output={null}]]]>
              </value>
            </param>
          </params>
          <reporter-output>
          </reporter-output>
        </test-method> <!-- closeApplication -->
      </class> <!-- script.Wl_ValidLogin -->
    </test> <!-- Default test -->
  </suite> <!-- Default suite -->
</testng-results>
